<?xml version="1.0" encoding="UTF-8"?>
<testsuite xmlns:xsi="http://www.w3.org/2001/XMLSchema-instance" xsi:noNamespaceSchemaLocation="https://maven.apache.org/surefire/maven-surefire-plugin/xsd/surefire-test-report-3.0.xsd" version="3.0" name="chessbackend.BitboardTest" time="0.06" tests="1" errors="0" skipped="0" failures="0">
  <properties>
[...]
</properties>
  <testcase name="testReadFENString" classname="chessbackend.BitboardTest" time="0.034">
    <system-out><![CDATA[/**
     * The initialization of the boards ensures each position of
     *       A    B    C    D    E    F    G    H
     *    +----+----+----+----+----+----+----+----+
     *  8 | 56 | 57 | 58 | 59 | 60 | 61 | 62 | 63 |  8th rank
     *    +----+----+----+----+----+----+----+----+
     *  7 | 48 | 49 | 50 | 51 | 52 | 53 | 54 | 55 |  7th rank
     *    +----+----+----+----+----+----+----+----+
     *  6 | 40 | 41 | 42 | 43 | 44 | 45 | 46 | 47 |  6th rank
     *    +----+----+----+----+----+----+----+----+
     *  5 | 32 | 33 | 34 | 35 | 36 | 37 | 38 | 39 |  5th rank
     *    +----+----+----+----+----+----+----+----+
     *  4 | 24 | 25 | 26 | 27 | 28 | 29 | 30 | 31 |  4th rank
     *    +----+----+----+----+----+----+----+----+
     *  3 | 16 | 17 | 18 | 19 | 20 | 21 | 22 | 23 |  3rd rank
     *    +----+----+----+----+----+----+----+----+
     *  2 |  8 |  9 | 10 | 11 | 12 | 13 | 14 | 15 |  2nd rank
     *    +----+----+----+----+----+----+----+----+
     *  1 |  0 |  1 |  2 |  3 |  4 |  5 |  6 |  7 |  1st rank
     *    +----+----+----+----+----+----+----+----+
     *       A    B    C    D    E    F    G    H - file(s)
     * */

Initial Board!
     A    B    C    D    E    F    G    H
  +----+----+----+----+----+----+----+----+
8 |  r |  n |  b |  q |  k |  b |  n |  r |  8th rank
  +----+----+----+----+----+----+----+----+
7 |  p |  p |  p |  p |  p |  p |  p |  p |  7th rank
  +----+----+----+----+----+----+----+----+
6 |    |    |    |    |    |    |    |    |  6th rank
  +----+----+----+----+----+----+----+----+
5 |    |    |    |    |    |    |    |    |  5th rank
  +----+----+----+----+----+----+----+----+
4 |    |    |    |    |    |    |    |    |  4th rank
  +----+----+----+----+----+----+----+----+
3 |    |    |    |    |    |    |    |    |  3th rank
  +----+----+----+----+----+----+----+----+
2 |  P |  P |  P |  P |  P |  P |  P |  P |  2th rank
  +----+----+----+----+----+----+----+----+
1 |  R |  N |  B |  Q |  K |  B |  N |  R |  1th rank
  +----+----+----+----+----+----+----+----+
     A    B    C    D    E    F    G    H - file(s)

Updated Bitboards: 
     A    B    C    D    E    F    G    H
  +----+----+----+----+----+----+----+----+
8 |  r |  n |    |    |  k |  b |    |  r |  8th rank
  +----+----+----+----+----+----+----+----+
7 |  p |  p |    |    |  p |  p |    |  p |  7th rank
  +----+----+----+----+----+----+----+----+
6 |    |    |    |  p |    |    |  p |    |  6th rank
  +----+----+----+----+----+----+----+----+
5 |    |    |    |  P |    |  b |    |    |  5th rank
  +----+----+----+----+----+----+----+----+
4 |    |    |  p |    |    |    |    |    |  4th rank
  +----+----+----+----+----+----+----+----+
3 |  q |  P |    |  P |    |    |    |    |  3th rank
  +----+----+----+----+----+----+----+----+
2 |  P |    |  Q |  B |  P |  P |  P |  P |  2th rank
  +----+----+----+----+----+----+----+----+
1 |    |    |    |  R |  K |  B |  N |  R |  1th rank
  +----+----+----+----+----+----+----+----+
     A    B    C    D    E    F    G    H - file(s)

]]></system-out>
  </testcase>
</testsuite>